<?xml version="1.0" encoding="UTF-8"?>
<!-- Generated by org.testng.reporters.JUnitXMLReporter -->
<testsuite ignored="7" hostname="Nuvobook_V1" failures="0" tests="1" name="Default test" time="2.924" errors="0" timestamp="2024-07-08T15:49:16 IST">
  <testcase classname="R_A_EVALUATION.RAEvaluation" name="Get_an_object_with_all_available_currency_exchange_rates" time="2.874"/>
  <testcase classname="R_A_EVALUATION.RAEvaluation" name="Simple_Books_API" time="0.0">
    <ignored/>
  </testcase> <!-- Simple_Books_API -->
  <testcase classname="R_A_EVALUATION.RAEvaluation" name="List_all_the_transactions_done_by_the_user" time="0.0">
    <ignored/>
  </testcase> <!-- List_all_the_transactions_done_by_the_user -->
  <testcase classname="R_A_EVALUATION.RAEvaluation" name="Login_the_user_and_generate_a_session_token" time="0.0">
    <ignored/>
  </testcase> <!-- Login_the_user_and_generate_a_session_token -->
  <testcase classname="R_A_EVALUATION.RAEvaluation" name="Calculate_transaction_fees_and_return_estimated_cost" time="0.0">
    <ignored/>
  </testcase> <!-- Calculate_transaction_fees_and_return_estimated_cost -->
  <testcase classname="R_A_EVALUATION.RAEvaluation" name="Register_a_user_and_create_his_her_wallet" time="0.0">
    <ignored/>
  </testcase> <!-- Register_a_user_and_create_his_her_wallet -->
  <testcase classname="R_A_EVALUATION.RAEvaluation" name="Transfer_5_ETH_to_a_recipient" time="0.0">
    <ignored/>
  </testcase> <!-- Transfer_5_ETH_to_a_recipient -->
  <testcase classname="R_A_EVALUATION.RAEvaluation" name="Retrieve_the_wallet_balance" time="0.0">
    <ignored/>
  </testcase> <!-- Retrieve_the_wallet_balance -->
</testsuite> <!-- Default test -->
